25-05-09 20:05:49.041 - INFO:   name: sr_ffhq
  phase: train
  gpu_ids: [0]
  path:[
    stage: experiments_train\sr_ffhq_250509_200549\train
    log: experiments_train\sr_ffhq_250509_200549\logs
    tb_logger: experiments_train\sr_ffhq_250509_200549\tb_logger
    results: experiments_train\sr_ffhq_250509_200549\results
    checkpoint: experiments_train\sr_ffhq_250509_200549\checkpoint
    resume_state: None
    experiments_root: experiments_train\sr_ffhq_250509_200549
  ]
  datasets:[
    train:[
      name: Water
      mode: HR
      dataroot: dataset/water_train_64_64
      datatype: img
      l_resolution: 64
      r_resolution: 64
      batch_size: 2
      num_workers: 1
      use_shuffle: True
      data_len: -1
    ]
    val:[
      name: Water
      mode: HR
      dataroot: dataset/water_val_16_256
      datatype: img
      l_resolution: 16
      r_resolution: 256
      data_len: 3
    ]
  ]
  model:[
    which_model_G: trans
    finetune_norm: False
    unet:[
      in_channel: 6
      out_channel: 3
      inner_channel: 32
      norm_groups: 16
      channel_multiplier: [1, 2, 4, 8]
      attn_res: [16]
      res_blocks: 1
      dropout: 0.2
    ]
    beta_schedule:[
      train:[
        schedule: linear
        n_timestep: 1000
        linear_start: 1e-06
        linear_end: 0.01
      ]
      val:[
        schedule: linear
        n_timestep: 1000
        linear_start: 1e-06
        linear_end: 0.01
      ]
    ]
    diffusion:[
      image_size: 64
      channels: 3
      conditional: True
    ]
  ]
  train:[
    n_iter: 1000
    val_freq: 100
    save_checkpoint_freq: 500
    print_freq: 100
    optimizer:[
      type: adam
      lr: 0.0001
    ]
    ema_scheduler:[
      step_start_ema: 5000
      update_ema_every: 1
      ema_decay: 0.9999
    ]
  ]
  wandb:[
    project: sr_ffhq
  ]
  distributed: False
  log_wandb_ckpt: False
  log_eval: False
  enable_wandb: False

25-05-09 20:05:49.048 - INFO: Dataset [LRHRDataset2 - Water] is created.
25-05-09 20:05:49.049 - INFO: Dataset [LRHRDataset2 - Water] is created.
25-05-09 20:05:49.049 - INFO: Initial Dataset Finished
25-05-09 20:05:52.097 - INFO: Network G structure: GaussianDiffusion, with parameters: 12,409,243
25-05-09 20:05:52.097 - INFO: GaussianDiffusion(
  (denoise_fn): UNet(
    (time_mlp): Sequential(
      (0): TimeEmbedding()
      (1): Linear(in_features=32, out_features=128, bias=True)
      (2): Swish()
      (3): Linear(in_features=128, out_features=32, bias=True)
    )
    (encoder_water): Encoder(
      (conv1): Sequential(
        (0): Conv2d(6, 32, kernel_size=(3, 3), stride=(1, 1), padding=(1, 1), bias=False)
      )
      (conv2): Sequential(
        (0): Conv2d(32, 16, kernel_size=(3, 3), stride=(1, 1), padding=(1, 1))
        (1): PixelUnshuffle(downscale_factor=2)
      )
      (conv3): Sequential(
        (0): Conv2d(64, 32, kernel_size=(3, 3), stride=(1, 1), padding=(1, 1))
        (1): PixelUnshuffle(downscale_factor=2)
      )
      (conv4): Sequential(
        (0): Conv2d(128, 64, kernel_size=(3, 3), stride=(1, 1), padding=(1, 1))
        (1): PixelUnshuffle(downscale_factor=2)
      )
      (block1): ResnetBloc_eca(
        (res_block): ResnetBlock(
          (mlp): Sequential(
            (0): Swish()
            (1): Linear(in_features=32, out_features=32, bias=True)
          )
          (block1): Block(
            (block): Sequential(
              (0): GroupNorm(16, 32, eps=1e-05, affine=True)
              (1): Swish()
              (2): Identity()
              (3): Conv2d(32, 32, kernel_size=(3, 3), stride=(1, 1), padding=(1, 1))
            )
          )
          (block2): Block(
            (block): Sequential(
              (0): GroupNorm(16, 32, eps=1e-05, affine=True)
              (1): Swish()
              (2): Identity()
              (3): Conv2d(32, 32, kernel_size=(3, 3), stride=(1, 1), padding=(1, 1))
            )
          )
          (res_conv): Identity()
        )
        (attn): Sequential(
          (0): TransformerBlock_eca(
            (norm1): LayerNorm(
              (body): WithBias_LayerNorm()
            )
            (attn): Attention_eca(
              (avg_pool): AdaptiveAvgPool2d(output_size=1)
              (conv): Conv1d(1, 1, kernel_size=(3,), stride=(1,), padding=(1,), bias=False)
              (sigmoid): Sigmoid()
            )
            (norm2): LayerNorm(
              (body): WithBias_LayerNorm()
            )
            (ffn): FeedForward(
              (project_in): Conv2d(32, 170, kernel_size=(1, 1), stride=(1, 1), bias=False)
              (dwconv): Conv2d(170, 170, kernel_size=(3, 3), stride=(1, 1), padding=(1, 1), groups=170, bias=False)
              (project_out): Conv2d(85, 32, kernel_size=(1, 1), stride=(1, 1), bias=False)
            )
          )
        )
      )
      (block2): ResnetBloc_eca(
        (res_block): ResnetBlock(
          (mlp): Sequential(
            (0): Swish()
            (1): Linear(in_features=32, out_features=64, bias=True)
          )
          (block1): Block(
            (block): Sequential(
              (0): GroupNorm(16, 64, eps=1e-05, affine=True)
              (1): Swish()
              (2): Identity()
              (3): Conv2d(64, 64, kernel_size=(3, 3), stride=(1, 1), padding=(1, 1))
            )
          )
          (block2): Block(
            (block): Sequential(
              (0): GroupNorm(16, 64, eps=1e-05, affine=True)
              (1): Swish()
              (2): Identity()
              (3): Conv2d(64, 64, kernel_size=(3, 3), stride=(1, 1), padding=(1, 1))
            )
          )
          (res_conv): Identity()
        )
        (attn): Sequential(
          (0): TransformerBlock_eca(
            (norm1): LayerNorm(
              (body): WithBias_LayerNorm()
            )
            (attn): Attention_eca(
              (avg_pool): AdaptiveAvgPool2d(output_size=1)
              (conv): Conv1d(1, 1, kernel_size=(3,), stride=(1,), padding=(1,), bias=False)
              (sigmoid): Sigmoid()
            )
            (norm2): LayerNorm(
              (body): WithBias_LayerNorm()
            )
            (ffn): FeedForward(
              (project_in): Conv2d(64, 340, kernel_size=(1, 1), stride=(1, 1), bias=False)
              (dwconv): Conv2d(340, 340, kernel_size=(3, 3), stride=(1, 1), padding=(1, 1), groups=340, bias=False)
              (project_out): Conv2d(170, 64, kernel_size=(1, 1), stride=(1, 1), bias=False)
            )
          )
        )
      )
      (block3): ResnetBloc_eca(
        (res_block): ResnetBlock(
          (mlp): Sequential(
            (0): Swish()
            (1): Linear(in_features=32, out_features=128, bias=True)
          )
          (block1): Block(
            (block): Sequential(
              (0): GroupNorm(16, 128, eps=1e-05, affine=True)
              (1): Swish()
              (2): Identity()
              (3): Conv2d(128, 128, kernel_size=(3, 3), stride=(1, 1), padding=(1, 1))
            )
          )
          (block2): Block(
            (block): Sequential(
              (0): GroupNorm(16, 128, eps=1e-05, affine=True)
              (1): Swish()
              (2): Identity()
              (3): Conv2d(128, 128, kernel_size=(3, 3), stride=(1, 1), padding=(1, 1))
            )
          )
          (res_conv): Identity()
        )
        (attn): Sequential(
          (0): TransformerBlock_eca(
            (norm1): LayerNorm(
              (body): WithBias_LayerNorm()
            )
            (attn): Attention_eca(
              (avg_pool): AdaptiveAvgPool2d(output_size=1)
              (conv): Conv1d(1, 1, kernel_size=(3,), stride=(1,), padding=(1,), bias=False)
              (sigmoid): Sigmoid()
            )
            (norm2): LayerNorm(
              (body): WithBias_LayerNorm()
            )
            (ffn): FeedForward(
              (project_in): Conv2d(128, 680, kernel_size=(1, 1), stride=(1, 1), bias=False)
              (dwconv): Conv2d(680, 680, kernel_size=(3, 3), stride=(1, 1), padding=(1, 1), groups=680, bias=False)
              (project_out): Conv2d(340, 128, kernel_size=(1, 1), stride=(1, 1), bias=False)
            )
          )
        )
      )
      (block4): ResnetBloc_eca(
        (res_block): ResnetBlock(
          (mlp): Sequential(
            (0): Swish()
            (1): Linear(in_features=32, out_features=256, bias=True)
          )
          (block1): Block(
            (block): Sequential(
              (0): GroupNorm(16, 256, eps=1e-05, affine=True)
              (1): Swish()
              (2): Identity()
              (3): Conv2d(256, 256, kernel_size=(3, 3), stride=(1, 1), padding=(1, 1))
            )
          )
          (block2): Block(
            (block): Sequential(
              (0): GroupNorm(16, 256, eps=1e-05, affine=True)
              (1): Swish()
              (2): Identity()
              (3): Conv2d(256, 256, kernel_size=(3, 3), stride=(1, 1), padding=(1, 1))
            )
          )
          (res_conv): Identity()
        )
        (attn): Sequential(
          (0): TransformerBlock_eca(
            (norm1): LayerNorm(
              (body): WithBias_LayerNorm()
            )
            (attn): Attention_eca(
              (avg_pool): AdaptiveAvgPool2d(output_size=1)
              (conv): Conv1d(1, 1, kernel_size=(3,), stride=(1,), padding=(1,), bias=False)
              (sigmoid): Sigmoid()
            )
            (norm2): LayerNorm(
              (body): WithBias_LayerNorm()
            )
            (ffn): FeedForward(
              (project_in): Conv2d(256, 1360, kernel_size=(1, 1), stride=(1, 1), bias=False)
              (dwconv): Conv2d(1360, 1360, kernel_size=(3, 3), stride=(1, 1), padding=(1, 1), groups=1360, bias=False)
              (project_out): Conv2d(680, 256, kernel_size=(1, 1), stride=(1, 1), bias=False)
            )
          )
        )
      )
      (conv_up3): Sequential(
        (0): Conv2d(256, 512, kernel_size=(3, 3), stride=(1, 1), padding=(1, 1), bias=False)
        (1): PixelShuffle(upscale_factor=2)
      )
      (conv_up2): Sequential(
        (0): Conv2d(128, 256, kernel_size=(3, 3), stride=(1, 1), padding=(1, 1), bias=False)
        (1): PixelShuffle(upscale_factor=2)
      )
      (conv_up1): Sequential(
        (0): Conv2d(64, 128, kernel_size=(3, 3), stride=(1, 1), padding=(1, 1), bias=False)
        (1): PixelShuffle(upscale_factor=2)
      )
      (conv_cat3): Conv2d(256, 128, kernel_size=(1, 1), stride=(1, 1), bias=False)
      (conv_cat2): Conv2d(128, 64, kernel_size=(1, 1), stride=(1, 1), bias=False)
      (decoder_block3): ResnetBloc_eca(
        (res_block): ResnetBlock(
          (mlp): Sequential(
            (0): Swish()
            (1): Linear(in_features=32, out_features=128, bias=True)
          )
          (block1): Block(
            (block): Sequential(
              (0): GroupNorm(16, 128, eps=1e-05, affine=True)
              (1): Swish()
              (2): Identity()
              (3): Conv2d(128, 128, kernel_size=(3, 3), stride=(1, 1), padding=(1, 1))
            )
          )
          (block2): Block(
            (block): Sequential(
              (0): GroupNorm(16, 128, eps=1e-05, affine=True)
              (1): Swish()
              (2): Identity()
              (3): Conv2d(128, 128, kernel_size=(3, 3), stride=(1, 1), padding=(1, 1))
            )
          )
          (res_conv): Identity()
        )
        (attn): Sequential(
          (0): TransformerBlock_eca(
            (norm1): LayerNorm(
              (body): WithBias_LayerNorm()
            )
            (attn): Attention_eca(
              (avg_pool): AdaptiveAvgPool2d(output_size=1)
              (conv): Conv1d(1, 1, kernel_size=(3,), stride=(1,), padding=(1,), bias=False)
              (sigmoid): Sigmoid()
            )
            (norm2): LayerNorm(
              (body): WithBias_LayerNorm()
            )
            (ffn): FeedForward(
              (project_in): Conv2d(128, 680, kernel_size=(1, 1), stride=(1, 1), bias=False)
              (dwconv): Conv2d(680, 680, kernel_size=(3, 3), stride=(1, 1), padding=(1, 1), groups=680, bias=False)
              (project_out): Conv2d(340, 128, kernel_size=(1, 1), stride=(1, 1), bias=False)
            )
          )
        )
      )
      (decoder_block2): ResnetBloc_eca(
        (res_block): ResnetBlock(
          (mlp): Sequential(
            (0): Swish()
            (1): Linear(in_features=32, out_features=64, bias=True)
          )
          (block1): Block(
            (block): Sequential(
              (0): GroupNorm(16, 64, eps=1e-05, affine=True)
              (1): Swish()
              (2): Identity()
              (3): Conv2d(64, 64, kernel_size=(3, 3), stride=(1, 1), padding=(1, 1))
            )
          )
          (block2): Block(
            (block): Sequential(
              (0): GroupNorm(16, 64, eps=1e-05, affine=True)
              (1): Swish()
              (2): Identity()
              (3): Conv2d(64, 64, kernel_size=(3, 3), stride=(1, 1), padding=(1, 1))
            )
          )
          (res_conv): Identity()
        )
        (attn): Sequential(
          (0): TransformerBlock_eca(
            (norm1): LayerNorm(
              (body): WithBias_LayerNorm()
            )
            (attn): Attention_eca(
              (avg_pool): AdaptiveAvgPool2d(output_size=1)
              (conv): Conv1d(1, 1, kernel_size=(3,), stride=(1,), padding=(1,), bias=False)
              (sigmoid): Sigmoid()
            )
            (norm2): LayerNorm(
              (body): WithBias_LayerNorm()
            )
            (ffn): FeedForward(
              (project_in): Conv2d(64, 340, kernel_size=(1, 1), stride=(1, 1), bias=False)
              (dwconv): Conv2d(340, 340, kernel_size=(3, 3), stride=(1, 1), padding=(1, 1), groups=340, bias=False)
              (project_out): Conv2d(170, 64, kernel_size=(1, 1), stride=(1, 1), bias=False)
            )
          )
        )
      )
      (decoder_block1): ResnetBloc_eca(
        (res_block): ResnetBlock(
          (mlp): Sequential(
            (0): Swish()
            (1): Linear(in_features=32, out_features=64, bias=True)
          )
          (block1): Block(
            (block): Sequential(
              (0): GroupNorm(16, 64, eps=1e-05, affine=True)
              (1): Swish()
              (2): Identity()
              (3): Conv2d(64, 64, kernel_size=(3, 3), stride=(1, 1), padding=(1, 1))
            )
          )
          (block2): Block(
            (block): Sequential(
              (0): GroupNorm(16, 64, eps=1e-05, affine=True)
              (1): Swish()
              (2): Identity()
              (3): Conv2d(64, 64, kernel_size=(3, 3), stride=(1, 1), padding=(1, 1))
            )
          )
          (res_conv): Identity()
        )
        (attn): Sequential(
          (0): TransformerBlock_eca(
            (norm1): LayerNorm(
              (body): WithBias_LayerNorm()
            )
            (attn): Attention_eca(
              (avg_pool): AdaptiveAvgPool2d(output_size=1)
              (conv): Conv1d(1, 1, kernel_size=(3,), stride=(1,), padding=(1,), bias=False)
              (sigmoid): Sigmoid()
            )
            (norm2): LayerNorm(
              (body): WithBias_LayerNorm()
            )
            (ffn): FeedForward(
              (project_in): Conv2d(64, 340, kernel_size=(1, 1), stride=(1, 1), bias=False)
              (dwconv): Conv2d(340, 340, kernel_size=(3, 3), stride=(1, 1), padding=(1, 1), groups=340, bias=False)
              (project_out): Conv2d(170, 64, kernel_size=(1, 1), stride=(1, 1), bias=False)
            )
          )
        )
      )
    )
    (refine): ResnetBloc_eca(
      (res_block): ResnetBlock(
        (mlp): Sequential(
          (0): Swish()
          (1): Linear(in_features=32, out_features=64, bias=True)
        )
        (block1): Block(
          (block): Sequential(
            (0): GroupNorm(16, 64, eps=1e-05, affine=True)
            (1): Swish()
            (2): Identity()
            (3): Conv2d(64, 64, kernel_size=(3, 3), stride=(1, 1), padding=(1, 1))
          )
        )
        (block2): Block(
          (block): Sequential(
            (0): GroupNorm(16, 64, eps=1e-05, affine=True)
            (1): Swish()
            (2): Identity()
            (3): Conv2d(64, 64, kernel_size=(3, 3), stride=(1, 1), padding=(1, 1))
          )
        )
        (res_conv): Identity()
      )
      (attn): Sequential(
        (0): TransformerBlock_eca(
          (norm1): LayerNorm(
            (body): WithBias_LayerNorm()
          )
          (attn): Attention_eca(
            (avg_pool): AdaptiveAvgPool2d(output_size=1)
            (conv): Conv1d(1, 1, kernel_size=(3,), stride=(1,), padding=(1,), bias=False)
            (sigmoid): Sigmoid()
          )
          (norm2): LayerNorm(
            (body): WithBias_LayerNorm()
          )
          (ffn): FeedForward(
            (project_in): Conv2d(64, 340, kernel_size=(1, 1), stride=(1, 1), bias=False)
            (dwconv): Conv2d(340, 340, kernel_size=(3, 3), stride=(1, 1), padding=(1, 1), groups=340, bias=False)
            (project_out): Conv2d(170, 64, kernel_size=(1, 1), stride=(1, 1), bias=False)
          )
        )
      )
    )
    (de_predict): Sequential(
      (0): Conv2d(64, 3, kernel_size=(1, 1), stride=(1, 1))
    )
  )
  (loss_func): L1Loss()
  (style_loss): VGGPerceptualLoss(
    (blocks): ModuleList(
      (0): Sequential(
        (0): Conv2d(3, 64, kernel_size=(3, 3), stride=(1, 1), padding=(1, 1))
        (1): ReLU(inplace=True)
        (2): Conv2d(64, 64, kernel_size=(3, 3), stride=(1, 1), padding=(1, 1))
        (3): ReLU(inplace=True)
      )
      (1): Sequential(
        (4): MaxPool2d(kernel_size=2, stride=2, padding=0, dilation=1, ceil_mode=False)
        (5): Conv2d(64, 128, kernel_size=(3, 3), stride=(1, 1), padding=(1, 1))
        (6): ReLU(inplace=True)
        (7): Conv2d(128, 128, kernel_size=(3, 3), stride=(1, 1), padding=(1, 1))
        (8): ReLU(inplace=True)
      )
      (2): Sequential(
        (9): MaxPool2d(kernel_size=2, stride=2, padding=0, dilation=1, ceil_mode=False)
        (10): Conv2d(128, 256, kernel_size=(3, 3), stride=(1, 1), padding=(1, 1))
        (11): ReLU(inplace=True)
        (12): Conv2d(256, 256, kernel_size=(3, 3), stride=(1, 1), padding=(1, 1))
        (13): ReLU(inplace=True)
        (14): Conv2d(256, 256, kernel_size=(3, 3), stride=(1, 1), padding=(1, 1))
        (15): ReLU(inplace=True)
      )
      (3): Sequential(
        (16): MaxPool2d(kernel_size=2, stride=2, padding=0, dilation=1, ceil_mode=False)
        (17): Conv2d(256, 512, kernel_size=(3, 3), stride=(1, 1), padding=(1, 1))
        (18): ReLU(inplace=True)
        (19): Conv2d(512, 512, kernel_size=(3, 3), stride=(1, 1), padding=(1, 1))
        (20): ReLU(inplace=True)
        (21): Conv2d(512, 512, kernel_size=(3, 3), stride=(1, 1), padding=(1, 1))
        (22): ReLU(inplace=True)
      )
    )
  )
)
25-05-09 20:05:52.101 - INFO: Model [DDPM] is created.
25-05-09 20:05:52.101 - INFO: Initial Model Finished
25-05-09 20:06:04.416 - INFO: <epoch:  3, iter:     100> l_pix: 3.3947e-01 
